FINDSYM, Version 4.2, June 2014
Written by Harold T. Stokes, Branton J. Campbell, and Dorian M. Hatch
Brigham Young University
 
W O title
Tolerance:    0.00001
Lattice vectors in cartesian coordinates:
   7.35758   0.00000   0.00000
   0.00000   7.58014   0.00000
   0.00000   0.00000   7.40542
Lattice parameters, a,b,c,alpha,beta,gamma:
   7.35758   7.58014   7.40542  90.00000  90.00000  90.00000
Centering: P
Number of atoms in unit cell:
 32
Type of each atom:
8*W 24*O 
Position of each atom (dimensionless coordinates)
   1   0.23150   0.28364   0.01747
   2   0.76850   0.71636   0.98253
   3   0.26850   0.21636   0.51747
   4   0.73150   0.78364   0.48253
   5   0.76850   0.28364   0.48253
   6   0.23150   0.71636   0.51747
   7   0.73150   0.21636   0.98253
   8   0.26850   0.78364   0.01747
   9   0.21587   0.01169   0.00543
  10   0.78413   0.98831   0.99457
  11   0.28413   0.48831   0.50543
  12   0.71587   0.51169   0.49457
  13   0.78413   0.01169   0.49457
  14   0.21587   0.98831   0.50543
  15   0.71587   0.48831   0.99457
  16   0.28413   0.51169   0.00543
  17   0.50506   0.21499   0.45875
  18   0.49494   0.78501   0.54125
  19   0.99494   0.28501   0.95875
  20   0.00506   0.71499   0.04125
  21   0.49494   0.21499   0.04125
  22   0.50506   0.78501   0.95875
  23   0.00506   0.28501   0.54125
  24   0.99494   0.71499   0.45875
  25   0.70875   0.24236   0.74233
  26   0.29125   0.75764   0.25767
  27   0.79125   0.25764   0.24233
  28   0.20875   0.74236   0.75767
  29   0.29125   0.24236   0.75767
  30   0.70875   0.75764   0.24233
  31   0.20875   0.25764   0.25767
  32   0.79125   0.74236   0.74233
------------------------------------------
