FINDSYM, Version 4.2, June 2014
Written by Harold T. Stokes, Branton J. Campbell, and Dorian M. Hatch
Brigham Young University
 
W O title
Tolerance:    0.00001
Lattice vectors in cartesian coordinates:
   7.35057   0.00000   0.00000
   0.00000   7.64249   0.00000
   0.00000   0.00000   7.38033
Lattice parameters, a,b,c,alpha,beta,gamma:
   7.35057   7.64249   7.38033  90.00000  90.00000  90.00000
Centering: P
Number of atoms in unit cell:
 32
Type of each atom:
8*W 24*O 
Position of each atom (dimensionless coordinates)
   1   0.23566   0.28324   0.01354
   2   0.76434   0.71676   0.98646
   3   0.26434   0.21676   0.51354
   4   0.73566   0.78324   0.48646
   5   0.76434   0.28324   0.48646
   6   0.23566   0.71676   0.51354
   7   0.73566   0.21676   0.98646
   8   0.26434   0.78324   0.01354
   9   0.22355   0.01093   0.00421
  10   0.77645   0.98907   0.99579
  11   0.27645   0.48907   0.50421
  12   0.72355   0.51093   0.49579
  13   0.77645   0.01093   0.49579
  14   0.22355   0.98907   0.50421
  15   0.72355   0.48907   0.99579
  16   0.27645   0.51093   0.00421
  17   0.50392   0.22287   0.45668
  18   0.49608   0.77713   0.54332
  19   0.99608   0.27713   0.95668
  20   0.00392   0.72287   0.04332
  21   0.49608   0.22287   0.04332
  22   0.50392   0.77713   0.95668
  23   0.00392   0.27713   0.54332
  24   0.99608   0.72287   0.45668
  25   0.70668   0.24408   0.74406
  26   0.29332   0.75592   0.25594
  27   0.79332   0.25592   0.24406
  28   0.20668   0.74408   0.75594
  29   0.29332   0.24408   0.75594
  30   0.70668   0.75592   0.24406
  31   0.20668   0.25592   0.25594
  32   0.79332   0.74408   0.74406
------------------------------------------
