FINDSYM, Version 4.2, June 2014
Written by Harold T. Stokes, Branton J. Campbell, and Dorian M. Hatch
Brigham Young University
 
 title
Tolerance:    0.01000
Lattice vectors in cartesian coordinates:
  10.35590   0.00000   0.00000
   0.00000  10.35590   0.00000
   0.00000   0.00000   7.74963
Lattice parameters, a,b,c,alpha,beta,gamma:
  10.35590  10.35590   7.74963  90.00000  90.00000  90.00000
Centering: P
Number of atoms in unit cell:
 64
Type of each atom:
16*W 48*O 
Position of each atom (dimensionless coordinates)
   1   0.12500   0.62500   0.71812
   2   0.87500   0.87500   0.78188
   3   0.62500   0.62500   0.21812
   4   0.62500   0.12500   0.71812
   5   0.87500   0.37500   0.28188
   6   0.87500   0.37500   0.78188
   7   0.62500   0.12500   0.21812
   8   0.87500   0.87500   0.28188
   9   0.37500   0.87500   0.28188
  10   0.37500   0.87500   0.78188
  11   0.12500   0.62500   0.21812
  12   0.12500   0.12500   0.71812
  13   0.37500   0.37500   0.28188
  14   0.62500   0.62500   0.71812
  15   0.12500   0.12500   0.21812
  16   0.37500   0.37500   0.78188
  17   0.37500   0.37500   0.00833
  18   0.96903   0.22245   0.24128
  19   0.52755   0.28097   0.74128
  20   0.76962   0.02304   0.25872
  21   0.72696   0.48038   0.75872
  22   0.00824   0.45087   0.14579
  23   0.29913   0.24176   0.64579
  24   0.20765   0.25146   0.35421
  25   0.12500   0.12500   0.99167
  26   0.62500   0.62500   0.49167
  27   0.37500   0.37500   0.50833
  28   0.87500   0.87500   0.50833
  29   0.62500   0.62500   0.99167
  30   0.70765   0.75146   0.35421
  31   0.79913   0.74176   0.64579
  32   0.50824   0.95087   0.14579
  33   0.99854   0.54235   0.85421
  34   0.98038   0.72696   0.25872
  35   0.52304   0.76962   0.75872
  36   0.78097   0.52755   0.24128
  37   0.72245   0.96903   0.74128
  38   0.95087   0.00824   0.64579
  39   0.87500   0.87500   0.00833
  40   0.54235   0.49854   0.35421
  41   0.74176   0.29913   0.14579
  42   0.22245   0.46903   0.74128
  43   0.12500   0.62500   0.49167
  44   0.37500   0.87500   0.50833
  45   0.37500   0.87500   0.00833
  46   0.12500   0.62500   0.99167
  47   0.24176   0.79913   0.14579
  48   0.25146   0.70765   0.85421
  49   0.04235   0.99854   0.35421
  50   0.45087   0.50824   0.64579
  51   0.46903   0.72245   0.24128
  52   0.02755   0.78097   0.74128
  53   0.26962   0.52304   0.25872
  54   0.22696   0.98038   0.75872
  55   0.28097   0.02755   0.24128
  56   0.02304   0.26962   0.75872
  57   0.48038   0.22696   0.25872
  58   0.49854   0.04235   0.85421
  59   0.62500   0.12500   0.49167
  60   0.87500   0.37500   0.50833
  61   0.87500   0.37500   0.00833
  62   0.62500   0.12500   0.99167
  63   0.75146   0.20765   0.85421
  64   0.12500   0.12500   0.49167
------------------------------------------
