FINDSYM, Version 4.2, June 2014
Written by Harold T. Stokes, Branton J. Campbell, and Dorian M. Hatch
Brigham Young University
 
W O title
Tolerance:    0.00001
Lattice vectors in cartesian coordinates:
   7.35150   0.00000   0.00000
   0.00000   7.64763   0.00000
   0.00000   0.00000   7.37913
Lattice parameters, a,b,c,alpha,beta,gamma:
   7.35150   7.64763   7.37913  90.00000  90.00000  90.00000
Centering: P
Number of atoms in unit cell:
 32
Type of each atom:
8*W 24*O 
Position of each atom (dimensionless coordinates)
   1   0.23613   0.28327   0.01310
   2   0.76387   0.71673   0.98690
   3   0.26387   0.21673   0.51310
   4   0.73613   0.78327   0.48690
   5   0.76387   0.28327   0.48690
   6   0.23613   0.71673   0.51310
   7   0.73613   0.21673   0.98690
   8   0.26387   0.78327   0.01310
   9   0.22441   0.01100   0.00408
  10   0.77559   0.98900   0.99592
  11   0.27559   0.48900   0.50408
  12   0.72441   0.51100   0.49592
  13   0.77559   0.01100   0.49592
  14   0.22441   0.98900   0.50408
  15   0.72441   0.48900   0.99592
  16   0.27559   0.51100   0.00408
  17   0.50379   0.22374   0.45685
  18   0.49621   0.77626   0.54315
  19   0.99621   0.27626   0.95685
  20   0.00379   0.72374   0.04315
  21   0.49621   0.22374   0.04315
  22   0.50379   0.77626   0.95685
  23   0.00379   0.27626   0.54315
  24   0.99621   0.72374   0.45685
  25   0.70685   0.24427   0.74425
  26   0.29315   0.75573   0.25575
  27   0.79315   0.25573   0.24425
  28   0.20685   0.74427   0.75575
  29   0.29315   0.24427   0.75575
  30   0.70685   0.75573   0.24425
  31   0.20685   0.25573   0.25575
  32   0.79315   0.74427   0.74425
------------------------------------------
