FINDSYM, Version 4.2, June 2014
Written by Harold T. Stokes, Branton J. Campbell, and Dorian M. Hatch
Brigham Young University
 
 title
Tolerance:    1.00000
Lattice vectors in cartesian coordinates:
   5.64100   0.00000   0.00000
   0.00000   5.64100   0.00000
   0.00000   0.00000   7.97757
Lattice parameters, a,b,c,alpha,beta,gamma:
   5.64100   5.64100   7.97757  90.00000  90.00000  90.00000
Centering: P
Number of atoms in unit cell:
 20
Type of each atom:
12*O 4*W 4*Na 
Position of each atom (dimensionless coordinates)
   1   0.25000   0.25000   0.50002
   2   0.75000   0.75000  -0.00002
   3   0.75000   0.75000   0.49998
   4   0.25000   0.25000   1.00002
   5   0.50000   0.00000   0.25000
   6   1.00000   0.50000   0.25000
   7   0.00000   1.00000   0.25000
   8   0.50000   0.50000   0.25000
   9   0.50000   1.00000   0.75000
  10   0.00000   0.50000   0.75000
  11   1.00000   0.00000   0.75000
  12   0.50000   0.50000   0.75000
  13   0.25000   0.25000   0.25002
  14   0.75000   0.75000   0.24998
  15   0.75000   0.75000   0.74998
  16   0.25000   0.25000   0.75002
  17   0.25000   0.75000   0.25000
  18   0.75000   0.25000   0.25000
  19   0.75000   0.25000   0.75000
  20   0.25000   0.75000   0.75000
------------------------------------------
