FINDSYM, Version 4.2, June 2014
Written by Harold T. Stokes, Branton J. Campbell, and Dorian M. Hatch
Brigham Young University
 
 title
Tolerance:    0.00001
Lattice vectors in cartesian coordinates:
   7.32365   0.00000   0.00000
   0.00000   7.74959   0.00000
   0.00000   0.00000   7.32365
Lattice parameters, a,b,c,alpha,beta,gamma:
   7.32365   7.74959   7.32365  90.00000  90.00000  90.00000
Centering: P
Number of atoms in unit cell:
 32
Type of each atom:
8*W 24*O 
Position of each atom (dimensionless coordinates)
   1   0.28237   0.29409   0.25093
   2  -0.25093   0.70591  -0.71763
   3   0.21763   0.20591   0.75093
   4   0.75093   0.79409   0.78237
   5   0.71763   0.29409   0.74907
   6   0.25093   0.70591   0.71763
   7  -0.21763   0.20591  -0.75093
   8   0.24907   0.79409   0.21763
   9   0.28560   0.03145   0.27582
  10  -0.27582   0.96855  -0.71440
  11   0.21440   0.46855   0.77582
  12   0.77582   0.53145   0.78560
  13   0.71440   0.03145   0.72418
  14   0.27582   0.96855   0.71440
  15  -0.21440   0.46855  -0.77582
  16   0.22418   0.53145   0.21440
  17   0.48855   0.28839   0.76273
  18   0.49765   0.72537   0.73727
  19  -0.98855   0.21161   1.26273
  20   0.00235   0.77463   0.23727
  21   0.51145   0.28839   0.23727
  22   0.50235   0.72537   1.26273
  23  -0.01145   0.21161   0.73727
  24  -1.00235   0.77463   0.76273
  25   0.76273   0.22537   2.00235
  26   0.23727   0.71161   0.48855
  27   0.73727   0.27463   0.50235
  28   0.26273   0.78839   1.98855
  29   0.23727   0.22537   0.99765
  30   0.76273   0.71161   0.51145
  31   0.26273   0.27463   0.49765
  32   0.73727   0.78839   1.01145
------------------------------------------
